{"contracts/L1_NovaExecutionManager.sol":{"l":{"33":3,"43":12,"46":12,"47":12,"50":11,"53":11,"56":10,"57":9,"60":8,"63":8,"68":8,"91":12,"96":0,"101":0,"104":0,"109":11,"111":10,"115":10},"path":"/Users/benmayer/Desktop/nova/contracts/L1_NovaExecutionManager.sol","s":{"1":3,"2":12,"3":12,"4":12,"5":11,"6":11,"7":8,"8":8,"9":8,"10":12,"11":0,"12":0,"13":0,"14":10,"15":0,"16":10},"b":{"1":[10,1],"2":[0,0],"3":[0,10]},"f":{"1":3,"2":12,"3":12,"4":0,"5":0,"6":11},"fnMap":{"1":{"name":"constructor","line":31,"loc":{"start":{"line":30,"column":4},"end":{"line":34,"column":4}}},"2":{"name":"execWithRecipient","line":36,"loc":{"start":{"line":36,"column":4},"end":{"line":83,"column":4}}},"3":{"name":"exec","line":85,"loc":{"start":{"line":85,"column":4},"end":{"line":92,"column":4}}},"4":{"name":"hardRevert","line":94,"loc":{"start":{"line":94,"column":4},"end":{"line":97,"column":4}}},"5":{"name":"transferFromBot","line":99,"loc":{"start":{"line":99,"column":4},"end":{"line":105,"column":4}}},"6":{"name":"isHardRevert","line":107,"loc":{"start":{"line":107,"column":4},"end":{"line":116,"column":4}}}},"statementMap":{"1":{"start":{"line":33,"column":8},"end":{"line":33,"column":55}},"2":{"start":{"line":43,"column":8},"end":{"line":43,"column":36}},"3":{"start":{"line":46,"column":8},"end":{"line":46,"column":35}},"4":{"start":{"line":47,"column":8},"end":{"line":47,"column":44}},"5":{"start":{"line":50,"column":8},"end":{"line":50,"column":75}},"6":{"start":{"line":53,"column":8},"end":{"line":53,"column":67}},"7":{"start":{"line":60,"column":8},"end":{"line":60,"column":96}},"8":{"start":{"line":63,"column":8},"end":{"line":63,"column":2403}},"9":{"start":{"line":68,"column":8},"end":{"line":68,"column":76}},"10":{"start":{"line":91,"column":8},"end":{"line":91,"column":89}},"11":{"start":{"line":96,"column":8},"end":{"line":96,"column":31}},"12":{"start":{"line":101,"column":8},"end":{"line":101,"column":83}},"13":{"start":{"line":104,"column":8},"end":{"line":104,"column":74}},"14":{"start":{"line":109,"column":8},"end":{"line":109,"column":50}},"15":{"start":{"line":109,"column":38},"end":{"line":109,"column":50}},"16":{"start":{"line":115,"column":8},"end":{"line":115,"column":96}}},"branchMap":{"1":{"line":53,"type":"if","locations":[{"start":{"line":53,"column":8},"end":{"line":53,"column":8}},{"start":{"line":53,"column":8},"end":{"line":53,"column":8}}]},"2":{"line":101,"type":"if","locations":[{"start":{"line":101,"column":8},"end":{"line":101,"column":8}},{"start":{"line":101,"column":8},"end":{"line":101,"column":8}}]},"3":{"line":109,"type":"if","locations":[{"start":{"line":109,"column":8},"end":{"line":109,"column":8}},{"start":{"line":109,"column":8},"end":{"line":109,"column":8}}]}}},"contracts/L2_NovaRegistry.sol":{"l":{"25":3,"31":3,"32":3,"125":0,"126":0,"127":0,"128":0,"129":0,"130":0,"131":0,"132":0,"133":0,"135":0,"152":14,"153":14,"155":14,"156":14,"157":14,"158":14,"159":14,"161":14,"164":14,"167":10,"168":0,"175":0,"179":10,"180":0,"183":0,"186":10,"200":0,"202":0,"210":0,"211":0,"212":0,"213":0,"214":0,"217":0,"218":0,"220":0,"228":0,"229":0,"230":0,"231":0,"233":0,"234":0,"235":0,"238":0,"241":0,"244":0,"245":0,"248":0,"249":0,"252":0,"261":0,"262":0,"263":0,"264":0,"265":0,"268":0,"269":0,"278":0,"281":0,"282":0,"283":0,"284":0,"285":0,"286":0,"289":0,"292":0,"293":0,"296":0,"298":0,"308":0,"309":0,"312":0,"314":0,"315":0,"318":0,"328":0,"330":0,"331":0,"335":0,"336":0,"339":0,"342":0,"343":0,"347":0,"348":0,"349":0,"350":0,"352":0,"358":0,"366":0,"377":0,"379":0,"380":0,"382":0,"383":0,"385":0,"388":0,"400":0,"402":0,"403":0,"406":0,"408":0,"409":0,"413":0,"415":0,"417":0,"418":0,"421":0,"422":0,"429":0,"430":0,"442":0,"444":0,"446":0,"447":0,"450":0,"451":0},"path":"/Users/benmayer/Desktop/nova/contracts/L2_NovaRegistry.sol","s":{"1":3,"2":3,"3":3,"4":0,"5":0,"6":0,"7":0,"8":0,"9":0,"10":0,"11":0,"12":0,"13":0,"14":14,"15":14,"16":14,"17":14,"18":14,"19":14,"20":14,"21":14,"22":14,"23":10,"24":0,"25":0,"26":10,"27":0,"28":0,"29":10,"30":0,"31":0,"32":0,"33":0,"34":0,"35":0,"36":0,"37":0,"38":0,"39":0,"40":0,"41":0,"42":0,"43":0,"44":0,"45":0,"46":0,"47":0,"48":0,"49":0,"50":0,"51":0,"52":0,"53":0,"54":0,"55":0,"56":0,"57":0,"58":0,"59":0,"60":0,"61":0,"62":0,"63":0,"64":0,"65":0,"66":0,"67":0,"68":0,"69":0,"70":0,"71":0,"72":0,"73":0,"74":0,"75":0,"76":0,"77":0,"78":0,"79":0,"80":0,"81":0,"82":0,"83":0,"84":0,"85":0,"86":0,"87":0,"88":0,"89":0,"90":0,"91":0,"92":0,"93":0,"94":0,"95":0,"96":0,"97":0,"98":0,"99":0,"100":0,"101":0,"102":0,"103":0,"104":0,"105":0,"106":0,"107":0,"108":0,"109":0,"110":0,"111":0,"112":0,"113":0,"114":0,"115":0,"116":0,"117":0,"118":0,"119":0,"120":0},"b":{"1":[3,0],"2":[0,0],"3":[0,0],"4":[0,0],"5":[0,0],"6":[0,0],"7":[0,0],"8":[0,0],"9":[0,0],"10":[0,0],"11":[0,0],"12":[0,0],"13":[0,0],"14":[0,0],"15":[0,0],"16":[0,0],"17":[0,0]},"f":{"1":3,"2":3,"3":0,"4":14,"5":0,"6":0,"7":0,"8":0,"9":0,"10":0,"11":0,"12":0},"fnMap":{"1":{"name":"constructor","line":24,"loc":{"start":{"line":24,"column":4},"end":{"line":26,"column":4}}},"2":{"name":"connectExecutionManager","line":30,"loc":{"start":{"line":30,"column":4},"end":{"line":33,"column":4}}},"3":{"name":"getRequestData","line":105,"loc":{"start":{"line":105,"column":4},"end":{"line":136,"column":4}}},"4":{"name":"requestExec","line":151,"loc":{"start":{"line":144,"column":4},"end":{"line":187,"column":4}}},"5":{"name":"requestExecWithTimeout","line":191,"loc":{"start":{"line":191,"column":4},"end":{"line":203,"column":4}}},"6":{"name":"cancel","line":209,"loc":{"start":{"line":209,"column":4},"end":{"line":221,"column":4}}},"7":{"name":"withdraw","line":227,"loc":{"start":{"line":227,"column":4},"end":{"line":253,"column":4}}},"8":{"name":"bumpGas","line":260,"loc":{"start":{"line":260,"column":4},"end":{"line":299,"column":4}}},"9":{"name":"execCompleted","line":307,"loc":{"start":{"line":301,"column":4},"end":{"line":367,"column":4}}},"10":{"name":"isExecutable","line":372,"loc":{"start":{"line":372,"column":4},"end":{"line":390,"column":4}}},"11":{"name":"areTokensRemoved","line":395,"loc":{"start":{"line":395,"column":4},"end":{"line":432,"column":4}}},"12":{"name":"isCanceled","line":437,"loc":{"start":{"line":437,"column":4},"end":{"line":453,"column":4}}}},"statementMap":{"1":{"start":{"line":25,"column":8},"end":{"line":25,"column":25}},"2":{"start":{"line":31,"column":8},"end":{"line":31,"column":83}},"3":{"start":{"line":32,"column":8},"end":{"line":32,"column":71}},"4":{"start":{"line":125,"column":8},"end":{"line":125,"column":45}},"5":{"start":{"line":126,"column":8},"end":{"line":126,"column":46}},"6":{"start":{"line":127,"column":8},"end":{"line":127,"column":44}},"7":{"start":{"line":128,"column":8},"end":{"line":128,"column":44}},"8":{"start":{"line":129,"column":8},"end":{"line":129,"column":49}},"9":{"start":{"line":130,"column":8},"end":{"line":130,"column":43}},"10":{"start":{"line":131,"column":8},"end":{"line":131,"column":38}},"11":{"start":{"line":132,"column":8},"end":{"line":132,"column":42}},"12":{"start":{"line":133,"column":8},"end":{"line":133,"column":31}},"13":{"start":{"line":135,"column":8},"end":{"line":135,"column":61}},"14":{"start":{"line":152,"column":8},"end":{"line":152,"column":23}},"15":{"start":{"line":153,"column":8},"end":{"line":153,"column":90}},"16":{"start":{"line":155,"column":8},"end":{"line":155,"column":45}},"17":{"start":{"line":156,"column":8},"end":{"line":156,"column":45}},"18":{"start":{"line":157,"column":8},"end":{"line":157,"column":46}},"19":{"start":{"line":158,"column":8},"end":{"line":158,"column":44}},"20":{"start":{"line":159,"column":8},"end":{"line":159,"column":44}},"21":{"start":{"line":161,"column":8},"end":{"line":161,"column":44}},"22":{"start":{"line":164,"column":8},"end":{"line":164,"column":75}},"23":{"start":{"line":167,"column":8},"end":{"line":167,"column":8155}},"24":{"start":{"line":168,"column":12},"end":{"line":168,"column":8222}},"25":{"start":{"line":175,"column":12},"end":{"line":175,"column":59}},"26":{"start":{"line":179,"column":8},"end":{"line":179,"column":8688}},"27":{"start":{"line":180,"column":12},"end":{"line":180,"column":92}},"28":{"start":{"line":183,"column":12},"end":{"line":183,"column":53}},"29":{"start":{"line":186,"column":8},"end":{"line":186,"column":40}},"30":{"start":{"line":200,"column":8},"end":{"line":200,"column":94}},"31":{"start":{"line":202,"column":8},"end":{"line":202,"column":40}},"32":{"start":{"line":210,"column":8},"end":{"line":210,"column":59}},"33":{"start":{"line":211,"column":8},"end":{"line":211,"column":48}},"34":{"start":{"line":212,"column":8},"end":{"line":212,"column":74}},"35":{"start":{"line":213,"column":8},"end":{"line":213,"column":70}},"36":{"start":{"line":214,"column":8},"end":{"line":214,"column":77}},"37":{"start":{"line":217,"column":8},"end":{"line":217,"column":66}},"38":{"start":{"line":218,"column":8},"end":{"line":218,"column":52}},"39":{"start":{"line":220,"column":8},"end":{"line":220,"column":40}},"40":{"start":{"line":228,"column":8},"end":{"line":228,"column":59}},"41":{"start":{"line":229,"column":8},"end":{"line":229,"column":48}},"42":{"start":{"line":230,"column":8},"end":{"line":230,"column":48}},"43":{"start":{"line":231,"column":8},"end":{"line":231,"column":40}},"44":{"start":{"line":233,"column":8},"end":{"line":233,"column":51}},"45":{"start":{"line":234,"column":8},"end":{"line":234,"column":70}},"46":{"start":{"line":235,"column":8},"end":{"line":235,"column":60}},"47":{"start":{"line":238,"column":8},"end":{"line":238,"column":50}},"48":{"start":{"line":241,"column":8},"end":{"line":241,"column":85}},"49":{"start":{"line":244,"column":8},"end":{"line":244,"column":12201}},"50":{"start":{"line":245,"column":12},"end":{"line":245,"column":78}},"51":{"start":{"line":248,"column":8},"end":{"line":248,"column":12401}},"52":{"start":{"line":249,"column":12},"end":{"line":249,"column":70}},"53":{"start":{"line":252,"column":8},"end":{"line":252,"column":31}},"54":{"start":{"line":261,"column":8},"end":{"line":261,"column":52}},"55":{"start":{"line":262,"column":8},"end":{"line":262,"column":44}},"56":{"start":{"line":263,"column":8},"end":{"line":263,"column":61}},"57":{"start":{"line":264,"column":8},"end":{"line":264,"column":70}},"58":{"start":{"line":265,"column":8},"end":{"line":265,"column":75}},"59":{"start":{"line":268,"column":8},"end":{"line":268,"column":23}},"60":{"start":{"line":269,"column":8},"end":{"line":269,"column":13566}},"61":{"start":{"line":278,"column":8},"end":{"line":278,"column":53}},"62":{"start":{"line":281,"column":8},"end":{"line":281,"column":67}},"63":{"start":{"line":282,"column":8},"end":{"line":282,"column":65}},"64":{"start":{"line":283,"column":8},"end":{"line":283,"column":47}},"65":{"start":{"line":284,"column":8},"end":{"line":284,"column":47}},"66":{"start":{"line":285,"column":8},"end":{"line":285,"column":44}},"67":{"start":{"line":286,"column":8},"end":{"line":286,"column":48}},"68":{"start":{"line":289,"column":8},"end":{"line":289,"column":37}},"69":{"start":{"line":292,"column":8},"end":{"line":292,"column":70}},"70":{"start":{"line":293,"column":8},"end":{"line":293,"column":64}},"71":{"start":{"line":296,"column":8},"end":{"line":296,"column":96}},"72":{"start":{"line":298,"column":8},"end":{"line":298,"column":60}},"73":{"start":{"line":308,"column":8},"end":{"line":308,"column":52}},"74":{"start":{"line":309,"column":8},"end":{"line":309,"column":44}},"75":{"start":{"line":312,"column":8},"end":{"line":312,"column":50}},"76":{"start":{"line":314,"column":8},"end":{"line":314,"column":70}},"77":{"start":{"line":315,"column":8},"end":{"line":315,"column":60}},"78":{"start":{"line":318,"column":8},"end":{"line":318,"column":15450}},"79":{"start":{"line":328,"column":8},"end":{"line":328,"column":15825}},"80":{"start":{"line":330,"column":12},"end":{"line":330,"column":15919}},"81":{"start":{"line":331,"column":16},"end":{"line":331,"column":90}},"82":{"start":{"line":335,"column":12},"end":{"line":335,"column":16155}},"83":{"start":{"line":336,"column":16},"end":{"line":336,"column":82}},"84":{"start":{"line":339,"column":12},"end":{"line":339,"column":55}},"85":{"start":{"line":342,"column":12},"end":{"line":342,"column":16447}},"86":{"start":{"line":343,"column":16},"end":{"line":343,"column":82}},"87":{"start":{"line":347,"column":12},"end":{"line":347,"column":16704}},"88":{"start":{"line":348,"column":16},"end":{"line":348,"column":48}},"89":{"start":{"line":349,"column":16},"end":{"line":349,"column":61}},"90":{"start":{"line":350,"column":16},"end":{"line":350,"column":69}},"91":{"start":{"line":352,"column":16},"end":{"line":352,"column":16957}},"92":{"start":{"line":358,"column":16},"end":{"line":358,"column":17142}},"93":{"start":{"line":366,"column":8},"end":{"line":366,"column":82}},"94":{"start":{"line":377,"column":8},"end":{"line":377,"column":18081}},"95":{"start":{"line":379,"column":12},"end":{"line":379,"column":29}},"96":{"start":{"line":380,"column":12},"end":{"line":380,"column":30}},"97":{"start":{"line":382,"column":12},"end":{"line":382,"column":99}},"98":{"start":{"line":383,"column":12},"end":{"line":383,"column":83}},"99":{"start":{"line":385,"column":12},"end":{"line":385,"column":51}},"100":{"start":{"line":388,"column":12},"end":{"line":388,"column":83}},"101":{"start":{"line":400,"column":8},"end":{"line":400,"column":74}},"102":{"start":{"line":402,"column":8},"end":{"line":402,"column":19387}},"103":{"start":{"line":403,"column":12},"end":{"line":403,"column":44}},"104":{"start":{"line":406,"column":12},"end":{"line":406,"column":19563}},"105":{"start":{"line":408,"column":16},"end":{"line":408,"column":36}},"106":{"start":{"line":409,"column":16},"end":{"line":409,"column":34}},"107":{"start":{"line":413,"column":16},"end":{"line":413,"column":82}},"108":{"start":{"line":415,"column":16},"end":{"line":415,"column":20067}},"109":{"start":{"line":417,"column":20},"end":{"line":417,"column":39}},"110":{"start":{"line":418,"column":20},"end":{"line":418,"column":38}},"111":{"start":{"line":421,"column":20},"end":{"line":421,"column":72}},"112":{"start":{"line":422,"column":20},"end":{"line":422,"column":20586}},"113":{"start":{"line":429,"column":12},"end":{"line":429,"column":62}},"114":{"start":{"line":430,"column":12},"end":{"line":430,"column":65}},"115":{"start":{"line":442,"column":8},"end":{"line":442,"column":67}},"116":{"start":{"line":444,"column":8},"end":{"line":444,"column":21733}},"117":{"start":{"line":446,"column":12},"end":{"line":446,"column":27}},"118":{"start":{"line":447,"column":12},"end":{"line":447,"column":30}},"119":{"start":{"line":450,"column":12},"end":{"line":450,"column":56}},"120":{"start":{"line":451,"column":12},"end":{"line":451,"column":59}}},"branchMap":{"1":{"line":31,"type":"if","locations":[{"start":{"line":31,"column":8},"end":{"line":31,"column":8}},{"start":{"line":31,"column":8},"end":{"line":31,"column":8}}]},"2":{"line":211,"type":"if","locations":[{"start":{"line":211,"column":8},"end":{"line":211,"column":8}},{"start":{"line":211,"column":8},"end":{"line":211,"column":8}}]},"3":{"line":212,"type":"if","locations":[{"start":{"line":212,"column":8},"end":{"line":212,"column":8}},{"start":{"line":212,"column":8},"end":{"line":212,"column":8}}]},"4":{"line":213,"type":"if","locations":[{"start":{"line":213,"column":8},"end":{"line":213,"column":8}},{"start":{"line":213,"column":8},"end":{"line":213,"column":8}}]},"5":{"line":214,"type":"if","locations":[{"start":{"line":214,"column":8},"end":{"line":214,"column":8}},{"start":{"line":214,"column":8},"end":{"line":214,"column":8}}]},"6":{"line":229,"type":"if","locations":[{"start":{"line":229,"column":8},"end":{"line":229,"column":8}},{"start":{"line":229,"column":8},"end":{"line":229,"column":8}}]},"7":{"line":231,"type":"if","locations":[{"start":{"line":231,"column":8},"end":{"line":231,"column":8}},{"start":{"line":231,"column":8},"end":{"line":231,"column":8}}]},"8":{"line":262,"type":"if","locations":[{"start":{"line":262,"column":8},"end":{"line":262,"column":8}},{"start":{"line":262,"column":8},"end":{"line":262,"column":8}}]},"9":{"line":264,"type":"if","locations":[{"start":{"line":264,"column":8},"end":{"line":264,"column":8}},{"start":{"line":264,"column":8},"end":{"line":264,"column":8}}]},"10":{"line":265,"type":"if","locations":[{"start":{"line":265,"column":8},"end":{"line":265,"column":8}},{"start":{"line":265,"column":8},"end":{"line":265,"column":8}}]},"11":{"line":309,"type":"if","locations":[{"start":{"line":309,"column":8},"end":{"line":309,"column":8}},{"start":{"line":309,"column":8},"end":{"line":309,"column":8}}]},"12":{"line":328,"type":"if","locations":[{"start":{"line":328,"column":8},"end":{"line":328,"column":8}},{"start":{"line":328,"column":8},"end":{"line":328,"column":8}}]},"13":{"line":377,"type":"if","locations":[{"start":{"line":377,"column":8},"end":{"line":377,"column":8}},{"start":{"line":377,"column":8},"end":{"line":377,"column":8}}]},"14":{"line":402,"type":"if","locations":[{"start":{"line":402,"column":8},"end":{"line":402,"column":8}},{"start":{"line":402,"column":8},"end":{"line":402,"column":8}}]},"15":{"line":406,"type":"if","locations":[{"start":{"line":406,"column":12},"end":{"line":406,"column":12}},{"start":{"line":406,"column":12},"end":{"line":406,"column":12}}]},"16":{"line":415,"type":"if","locations":[{"start":{"line":415,"column":16},"end":{"line":415,"column":16}},{"start":{"line":415,"column":16},"end":{"line":415,"column":16}}]},"17":{"line":444,"type":"if","locations":[{"start":{"line":444,"column":8},"end":{"line":444,"column":8}},{"start":{"line":444,"column":8},"end":{"line":444,"column":8}}]}}},"contracts/mocks/MockContract.sol":{"l":{"10":0,"14":11,"15":10,"19":0,"20":0},"path":"/Users/benmayer/Desktop/nova/contracts/mocks/MockContract.sol","s":{"1":0,"2":11,"3":10,"4":0,"5":0},"b":{},"f":{"1":0,"2":11,"3":0},"fnMap":{"1":{"name":"thisFunctionWillNotRevert","line":9,"loc":{"start":{"line":9,"column":4},"end":{"line":11,"column":4}}},"2":{"name":"thisFunctionWillRevert","line":13,"loc":{"start":{"line":13,"column":4},"end":{"line":16,"column":4}}},"3":{"name":"thisFunctionWillHardRevert","line":18,"loc":{"start":{"line":18,"column":4},"end":{"line":21,"column":4}}}},"statementMap":{"1":{"start":{"line":10,"column":8},"end":{"line":10,"column":26}},"2":{"start":{"line":14,"column":8},"end":{"line":14,"column":24}},"3":{"start":{"line":15,"column":8},"end":{"line":15,"column":35}},"4":{"start":{"line":19,"column":8},"end":{"line":19,"column":25}},"5":{"start":{"line":20,"column":8},"end":{"line":20,"column":55}}},"branchMap":{}},"contracts/mocks/MockOVMETH.sol":{"l":{"7":3},"path":"/Users/benmayer/Desktop/nova/contracts/mocks/MockOVMETH.sol","s":{"1":3},"b":{},"f":{"1":3},"fnMap":{"1":{"name":"constructor","line":5,"loc":{"start":{"line":5,"column":4},"end":{"line":8,"column":4}}}},"statementMap":{"1":{"start":{"line":7,"column":8},"end":{"line":7,"column":49}}},"branchMap":{}},"contracts/utils/OVM_Address.sol":{"l":{"31":14,"33":14,"36":14,"58":0,"72":14,"75":14,"76":14,"90":0,"104":0,"107":0,"108":0,"121":0,"135":0,"138":0,"139":0,"147":14,"148":11,"151":3,"155":1,"160":1},"path":"/Users/benmayer/Desktop/nova/contracts/utils/OVM_Address.sol","s":{"1":14,"2":14,"3":0,"4":14,"5":14,"6":14,"7":0,"8":0,"9":0,"10":0,"11":0,"12":0,"13":0,"14":0,"15":14,"16":11,"17":2,"18":1},"b":{"1":[14,0],"2":[0,0],"3":[0,0],"4":[11,3],"5":[1,1]},"f":{"1":14,"2":0,"3":14,"4":0,"5":0,"6":0,"7":0,"8":14},"fnMap":{"1":{"name":"isContract","line":26,"loc":{"start":{"line":26,"column":4},"end":{"line":37,"column":4}}},"2":{"name":"functionCall","line":57,"loc":{"start":{"line":57,"column":4},"end":{"line":59,"column":4}}},"3":{"name":"functionCall","line":67,"loc":{"start":{"line":67,"column":4},"end":{"line":77,"column":4}}},"4":{"name":"functionStaticCall","line":85,"loc":{"start":{"line":85,"column":4},"end":{"line":91,"column":4}}},"5":{"name":"functionStaticCall","line":99,"loc":{"start":{"line":99,"column":4},"end":{"line":109,"column":4}}},"6":{"name":"functionDelegateCall","line":117,"loc":{"start":{"line":117,"column":4},"end":{"line":122,"column":4}}},"7":{"name":"functionDelegateCall","line":130,"loc":{"start":{"line":130,"column":4},"end":{"line":140,"column":4}}},"8":{"name":"_verifyCallResult","line":142,"loc":{"start":{"line":142,"column":4},"end":{"line":163,"column":4}}}},"statementMap":{"1":{"start":{"line":31,"column":8},"end":{"line":31,"column":20}},"2":{"start":{"line":36,"column":8},"end":{"line":36,"column":23}},"3":{"start":{"line":58,"column":8},"end":{"line":58,"column":75}},"4":{"start":{"line":72,"column":8},"end":{"line":72,"column":67}},"5":{"start":{"line":75,"column":8},"end":{"line":75,"column":67}},"6":{"start":{"line":76,"column":8},"end":{"line":76,"column":67}},"7":{"start":{"line":90,"column":8},"end":{"line":90,"column":88}},"8":{"start":{"line":104,"column":8},"end":{"line":104,"column":74}},"9":{"start":{"line":107,"column":8},"end":{"line":107,"column":73}},"10":{"start":{"line":108,"column":8},"end":{"line":108,"column":67}},"11":{"start":{"line":121,"column":8},"end":{"line":121,"column":92}},"12":{"start":{"line":135,"column":8},"end":{"line":135,"column":76}},"13":{"start":{"line":138,"column":8},"end":{"line":138,"column":75}},"14":{"start":{"line":139,"column":8},"end":{"line":139,"column":67}},"15":{"start":{"line":147,"column":8},"end":{"line":147,"column":4968}},"16":{"start":{"line":148,"column":12},"end":{"line":148,"column":29}},"17":{"start":{"line":151,"column":12},"end":{"line":151,"column":5113}},"18":{"start":{"line":160,"column":16},"end":{"line":160,"column":35}}},"branchMap":{"1":{"line":72,"type":"if","locations":[{"start":{"line":72,"column":8},"end":{"line":72,"column":8}},{"start":{"line":72,"column":8},"end":{"line":72,"column":8}}]},"2":{"line":104,"type":"if","locations":[{"start":{"line":104,"column":8},"end":{"line":104,"column":8}},{"start":{"line":104,"column":8},"end":{"line":104,"column":8}}]},"3":{"line":135,"type":"if","locations":[{"start":{"line":135,"column":8},"end":{"line":135,"column":8}},{"start":{"line":135,"column":8},"end":{"line":135,"column":8}}]},"4":{"line":147,"type":"if","locations":[{"start":{"line":147,"column":8},"end":{"line":147,"column":8}},{"start":{"line":147,"column":8},"end":{"line":147,"column":8}}]},"5":{"line":151,"type":"if","locations":[{"start":{"line":151,"column":12},"end":{"line":151,"column":12}},{"start":{"line":151,"column":12},"end":{"line":151,"column":12}}]}}},"contracts/utils/OVM_SafeERC20.sol":{"l":{"27":0,"36":14,"58":0,"62":0,"70":0,"71":0,"82":0,"87":0,"104":14,"106":11,"109":10},"path":"/Users/benmayer/Desktop/nova/contracts/utils/OVM_SafeERC20.sol","s":{"1":0,"2":14,"3":0,"4":0,"5":0,"6":0,"7":0,"8":0,"9":14,"10":11,"11":10},"b":{"1":[0,0],"2":[10,0],"3":[10,0]},"f":{"1":0,"2":14,"3":0,"4":0,"5":0,"6":14},"fnMap":{"1":{"name":"safeTransfer","line":22,"loc":{"start":{"line":22,"column":4},"end":{"line":28,"column":4}}},"2":{"name":"safeTransferFrom","line":30,"loc":{"start":{"line":30,"column":4},"end":{"line":40,"column":4}}},"3":{"name":"safeApprove","line":49,"loc":{"start":{"line":49,"column":4},"end":{"line":63,"column":4}}},"4":{"name":"safeIncreaseAllowance","line":65,"loc":{"start":{"line":65,"column":4},"end":{"line":75,"column":4}}},"5":{"name":"safeDecreaseAllowance","line":77,"loc":{"start":{"line":77,"column":4},"end":{"line":91,"column":4}}},"6":{"name":"_callOptionalReturn","line":99,"loc":{"start":{"line":99,"column":4},"end":{"line":111,"column":4}}}},"statementMap":{"1":{"start":{"line":27,"column":8},"end":{"line":27,"column":93}},"2":{"start":{"line":36,"column":8},"end":{"line":36,"column":1116}},"3":{"start":{"line":58,"column":8},"end":{"line":58,"column":1899}},"4":{"start":{"line":62,"column":8},"end":{"line":62,"column":97}},"5":{"start":{"line":70,"column":8},"end":{"line":70,"column":81}},"6":{"start":{"line":71,"column":8},"end":{"line":71,"column":2384}},"7":{"start":{"line":82,"column":8},"end":{"line":82,"column":2659}},"8":{"start":{"line":87,"column":8},"end":{"line":87,"column":2840}},"9":{"start":{"line":104,"column":8},"end":{"line":104,"column":3853}},"10":{"start":{"line":106,"column":8},"end":{"line":106,"column":3897}},"11":{"start":{"line":109,"column":12},"end":{"line":109,"column":96}}},"branchMap":{"1":{"line":58,"type":"if","locations":[{"start":{"line":58,"column":8},"end":{"line":58,"column":8}},{"start":{"line":58,"column":8},"end":{"line":58,"column":8}}]},"2":{"line":106,"type":"if","locations":[{"start":{"line":106,"column":8},"end":{"line":106,"column":8}},{"start":{"line":106,"column":8},"end":{"line":106,"column":8}}]},"3":{"line":109,"type":"if","locations":[{"start":{"line":109,"column":12},"end":{"line":109,"column":12}},{"start":{"line":109,"column":12},"end":{"line":109,"column":12}}]}}}}