{"contracts/L1_NovaExecutionManager.sol":{"l":{},"path":"/Users/benmayer/Desktop/nova/contracts/L1_NovaExecutionManager.sol","s":{},"b":{},"f":{"1":0,"2":0,"3":0,"4":0},"fnMap":{"1":{"name":"exec","line":10,"loc":{"start":{"line":10,"column":4},"end":{"line":17,"column":4}}},"2":{"name":"execWithRecipient","line":19,"loc":{"start":{"line":19,"column":4},"end":{"line":27,"column":4}}},"3":{"name":"hardRevert","line":29,"loc":{"start":{"line":29,"column":4},"end":{"line":31,"column":4}}},"4":{"name":"transferFromBot","line":33,"loc":{"start":{"line":33,"column":4},"end":{"line":35,"column":4}}}},"statementMap":{},"branchMap":{}},"contracts/L2_NovaRegistry.sol":{"l":{"75":1,"76":1,"80":1,"81":1,"82":1,"83":1,"84":1,"87":1,"88":0,"95":0,"99":1,"100":0,"107":0,"110":1,"124":0,"133":0,"137":0,"139":0,"144":0,"147":0,"148":0,"150":0,"154":0,"160":0,"165":0,"167":0,"168":0,"169":0,"172":0,"173":0,"176":0,"177":0,"180":0,"207":0},"path":"/Users/benmayer/Desktop/nova/contracts/L2_NovaRegistry.sol","s":{"1":1,"2":1,"3":1,"4":1,"5":1,"6":1,"7":1,"8":1,"9":0,"10":0,"11":1,"12":0,"13":0,"14":1,"15":0,"16":0,"17":0,"18":0,"19":0,"20":0,"21":0,"22":0,"23":0,"24":0,"25":0,"26":0,"27":0,"28":0,"29":0,"30":0,"31":0,"32":0,"33":0,"34":0},"b":{"1":[0,0],"2":[0,0],"3":[0,0],"4":[0,0],"5":[0,0],"6":[0,0]},"f":{"1":1,"2":0,"3":0,"4":0,"5":0,"6":0,"7":0},"fnMap":{"1":{"name":"requestExec","line":67,"loc":{"start":{"line":67,"column":4},"end":{"line":111,"column":4}}},"2":{"name":"requestExecWithTimeout","line":115,"loc":{"start":{"line":115,"column":4},"end":{"line":134,"column":4}}},"3":{"name":"cancel","line":136,"loc":{"start":{"line":136,"column":4},"end":{"line":151,"column":4}}},"4":{"name":"withdraw","line":153,"loc":{"start":{"line":153,"column":4},"end":{"line":181,"column":4}}},"5":{"name":"bumpGas","line":183,"loc":{"start":{"line":183,"column":4},"end":{"line":188,"column":4}}},"6":{"name":"isDisabled","line":190,"loc":{"start":{"line":190,"column":4},"end":{"line":196,"column":4}}},"7":{"name":"execCompleted","line":204,"loc":{"start":{"line":198,"column":4},"end":{"line":208,"column":4}}}},"statementMap":{"1":{"start":{"line":75,"column":8},"end":{"line":75,"column":23}},"2":{"start":{"line":76,"column":8},"end":{"line":76,"column":3770}},"3":{"start":{"line":80,"column":8},"end":{"line":80,"column":36}},"4":{"start":{"line":81,"column":8},"end":{"line":81,"column":46}},"5":{"start":{"line":82,"column":8},"end":{"line":82,"column":44}},"6":{"start":{"line":83,"column":8},"end":{"line":83,"column":44}},"7":{"start":{"line":84,"column":8},"end":{"line":84,"column":45}},"8":{"start":{"line":87,"column":8},"end":{"line":87,"column":4183}},"9":{"start":{"line":88,"column":12},"end":{"line":88,"column":4250}},"10":{"start":{"line":95,"column":12},"end":{"line":95,"column":59}},"11":{"start":{"line":99,"column":8},"end":{"line":99,"column":4716}},"12":{"start":{"line":100,"column":12},"end":{"line":100,"column":4780}},"13":{"start":{"line":107,"column":12},"end":{"line":107,"column":53}},"14":{"start":{"line":110,"column":8},"end":{"line":110,"column":43}},"15":{"start":{"line":124,"column":8},"end":{"line":124,"column":5712}},"16":{"start":{"line":133,"column":8},"end":{"line":133,"column":40}},"17":{"start":{"line":137,"column":8},"end":{"line":137,"column":70}},"18":{"start":{"line":139,"column":8},"end":{"line":139,"column":6089}},"19":{"start":{"line":144,"column":8},"end":{"line":144,"column":62}},"20":{"start":{"line":147,"column":8},"end":{"line":147,"column":73}},"21":{"start":{"line":148,"column":8},"end":{"line":148,"column":61}},"22":{"start":{"line":150,"column":8},"end":{"line":150,"column":70}},"23":{"start":{"line":154,"column":8},"end":{"line":154,"column":6632}},"24":{"start":{"line":160,"column":8},"end":{"line":160,"column":6790}},"25":{"start":{"line":165,"column":8},"end":{"line":165,"column":73}},"26":{"start":{"line":167,"column":8},"end":{"line":167,"column":51}},"27":{"start":{"line":168,"column":8},"end":{"line":168,"column":70}},"28":{"start":{"line":169,"column":8},"end":{"line":169,"column":60}},"29":{"start":{"line":172,"column":8},"end":{"line":172,"column":7223}},"30":{"start":{"line":173,"column":12},"end":{"line":173,"column":78}},"31":{"start":{"line":176,"column":8},"end":{"line":176,"column":7423}},"32":{"start":{"line":177,"column":12},"end":{"line":177,"column":70}},"33":{"start":{"line":180,"column":8},"end":{"line":180,"column":43}},"34":{"start":{"line":207,"column":8},"end":{"line":207,"column":43}}},"branchMap":{"1":{"line":137,"type":"if","locations":[{"start":{"line":137,"column":8},"end":{"line":137,"column":8}},{"start":{"line":137,"column":8},"end":{"line":137,"column":8}}]},"2":{"line":139,"type":"if","locations":[{"start":{"line":139,"column":8},"end":{"line":139,"column":8}},{"start":{"line":139,"column":8},"end":{"line":139,"column":8}}]},"3":{"line":144,"type":"if","locations":[{"start":{"line":144,"column":8},"end":{"line":144,"column":8}},{"start":{"line":144,"column":8},"end":{"line":144,"column":8}}]},"4":{"line":154,"type":"if","locations":[{"start":{"line":154,"column":8},"end":{"line":154,"column":8}},{"start":{"line":154,"column":8},"end":{"line":154,"column":8}}]},"5":{"line":160,"type":"if","locations":[{"start":{"line":160,"column":8},"end":{"line":160,"column":8}},{"start":{"line":160,"column":8},"end":{"line":160,"column":8}}]},"6":{"line":165,"type":"if","locations":[{"start":{"line":165,"column":8},"end":{"line":165,"column":8}},{"start":{"line":165,"column":8},"end":{"line":165,"column":8}}]}}}}